Diagnose log at 2025-03-05T11:49:38Z

Executable: C:\Program Files\Git\mingw64\bin\git-credential-manager-core.exe
Version: 2.0.785+6074e4e3d3

------------
Diagnostic: Environment
Skipped: False
Success: True
Exception: None
Log:
OSType: Windows
OSVersion: 10.0 (build 26100)
Reading environment variables... OK
 Variables:
HOMEPATH=\Users\Shashikant Bodke
DriverData=C:\Windows\System32\Drivers\DriverData
COMPUTERNAME=LAPTOP-V64HEBH2
MSYSTEM=MINGW64
CommonProgramFiles(x86)=C:\Program Files (x86)\Common Files
OneDrive=C:\Users\Shashikant Bodke\OneDrive
TMPDIR=C:\Users\SHASHI~1\AppData\Local\Temp
ProgramFiles(x86)=C:\Program Files (x86)
CONFIG_SITE=C:/Program Files/Git/etc/config.site
LC_CTYPE=en_GB.UTF-8
USERDOMAIN=LAPTOP-V64HEBH2
PATHEXT=.COM;.EXE;.BAT;.CMD;.VBS;.VBE;.JS;.JSE;.WSF;.WSH;.MSC
ORIGINAL_TEMP=C:/Users/SHASHI~1/AppData/Local/Temp
INFOPATH=C:\Program Files\Git\usr\local\info;C:\Program Files\Git\usr\share\info;C:\Program Files\Git\usr\info;C:\Program Files\Git\share\info
GIT_EXEC_PATH=C:/Program Files/Git/mingw64/libexec/git-core
ACLOCAL_PATH=C:\Program Files\Git\mingw64\share\aclocal;C:\Program Files\Git\usr\share\aclocal
TEMP=C:\Users\SHASHI~1\AppData\Local\Temp
LOCALAPPDATA=C:\Users\Shashikant Bodke\AppData\Local
MANPATH=C:\Program Files\Git\mingw64\local\man;C:\Program Files\Git\mingw64\share\man;C:\Program Files\Git\usr\local\man;C:\Program Files\Git\usr\share\man;C:\Program Files\Git\usr\man;C:\Program Files\Git\share\man
ANDROID_HOME=C:\Users\Shashikant Bodke\AppData\Local\Android\Sdk
PROCESSOR_IDENTIFIER=Intel64 Family 6 Model 126 Stepping 5, GenuineIntel
MSYSTEM_CARCH=x86_64
PROGRAMFILES=C:\Program Files (x86)
ProgramData=C:\ProgramData
JAVA_HOME=C:\Program Files\Java\jdk-11
TERM_PROGRAM_VERSION=3.6.1
ORIGINAL_TMP=C:/Users/SHASHI~1/AppData/Local/Temp
PROCESSOR_REVISION=7e05
SYSTEMROOT=C:\WINDOWS
ALLURE_HOME=C:\Users\Shashikant Bodke\scoop\apps\allure\current
TERM_PROGRAM=mintty
PROCESSOR_LEVEL=6
NUMBER_OF_PROCESSORS=8
SSH_ASKPASS=C:/Program Files/Git/mingw64/bin/git-askpass.exe
SHLVL=1
APPDATA=C:\Users\Shashikant Bodke\AppData\Roaming
SYSTEMDRIVE=C:
ZES_ENABLE_SYSMAN=1
PSModulePath=C:\Program Files\WindowsPowerShell\Modules;C:\WINDOWS\system32\WindowsPowerShell\v1.0\Modules
PUBLIC=C:\Users\Public
HOSTNAME=LAPTOP-V64HEBH2
PKG_CONFIG_PATH=C:\Program Files\Git\mingw64\lib\pkgconfig;C:\Program Files\Git\mingw64\share\pkgconfig
MSYSTEM_CHOST=x86_64-w64-mingw32
NODE_HOME=C:\Program Files\nodejs
TERM=xterm
PLINK_PROTOCOL=ssh
MAVEN_HOME=C:\Program Files\apache-maven-3.9.9
MSYS=enable_pcon
PATH=C:/Program Files/Git/mingw64/libexec/git-core;C:\Users\Shashikant Bodke\bin;C:\Program Files\Git\mingw64\bin;C:\Program Files\Git\usr\local\bin;C:\Program Files\Git\usr\bin;C:\Program Files\Git\usr\bin;C:\Program Files\Git\mingw64\bin;C:\Program Files\Git\usr\bin;C:\Users\Shashikant Bodke\bin;C:\Program Files\Java\jdk-11\bin;C:\Program Files\apache-maven-3.9.9\bin;C:\Program Files\Common Files\Oracle\Java\javapath;C:\WINDOWS\system32;C:\WINDOWS;C:\WINDOWS\system32\Wbem;C:\Program Files (x86)\Common Files\Oracle\Java\javapath;C:\WINDOWS\System32\WindowsPowerShell\v1.0;C:\WINDOWS\System32\OpenSSH;C:\Program Files\nodejs;C:\Program Files\nodejs\node_modules\npm\bin;C:\Users\Shashikant Bodke\AppData\Roaming\npm;C:\Users\Shashikant Bodke\AppData\Local\Android\Sdk\tools;C:\Users\Shashikant Bodke\AppData\Local\Android\Sdk\tools\bin;C:\Users\Shashikant Bodke\AppData\Local\Android\Sdk\platform-tools;C:\WINDOWS\System32\Wbem;C:\Program Files\Git\cmd;C:\Curl\curl-8.12.1_1-win64-mingw\bin;C:\Users\Shashikant Bodke\scoop\shims;C:\Users\Shashikant Bodke\AppData\Local\Seclore\FileSecure\FileSecure Lite;C:\Users\Shashikant Bodke\AppData\Local\Seclore\FileSecure\FileSecure Lite\x64;C:\Users\Shashikant Bodke\AppData\Local\Microsoft\WindowsApps;C:\Program Files\Java\jdk-1;C:\Program Files\JetBrains\PyCharm Community Edition 2021.1.1\bin;C:\Users\Shashikant Bodke\AppData\Local\Android\Sdk\tools\bin;C:\Users\Shashikant Bodke\AppData\Local\Android\Sdk\tools;C:\Users\Shashikant Bodke\AppData\Local\Android\Sdk\platform-tools;C:\Users\Shashikant Bodke\AppData\Roaming\npm;C:\Program Files\nodejs;C:\Users\Shashikant Bodke\AppData\Local\Box\Box Edit;C:\Program Files\Git\usr\bin\vendor_perl;C:\Program Files\Git\usr\bin\core_perl
MINGW_CHOST=x86_64-w64-mingw32
PyCharm Community Edition=C:\Program Files\JetBrains\PyCharm Community Edition 2021.1.1\bin;
EFC_8496=1
TMP=C:\Users\SHASHI~1\AppData\Local\Temp
SHELL=C:\Program Files\Git\usr\bin\bash.exe
HOME=C:\Users\Shashikant Bodke
COMSPEC=C:\WINDOWS\system32\cmd.exe
PROCESSOR_ARCHITEW6432=AMD64
LOGONSERVER=\\LAPTOP-V64HEBH2
USERPROFILE=C:\Users\Shashikant Bodke
DISPLAY=needs-to-be-defined
COMMONPROGRAMFILES=C:\Program Files (x86)\Common Files
WINDIR=C:\WINDOWS
_=C:/Program Files/Git/mingw64/bin/git
USERDOMAIN_ROAMINGPROFILE=LAPTOP-V64HEBH2
CommonProgramW6432=C:\Program Files\Common Files
HOMEDRIVE=C:
MSYSTEM_PREFIX=C:/Program Files/Git/mingw64
OLDPWD=C:/Users/Shashikant Bodke
MINGW_PACKAGE_PREFIX=mingw-w64-x86_64
SESSIONNAME=Console
PWD=C:/Users/Shashikant Bodke/eclipse-workspace/AT-May2024/4. Java Interviews
EXEPATH=C:\Program Files\Git
USERNAME=Shashikant Bodke
MINGW_PREFIX=C:/Program Files/Git/mingw64
ORIGINAL_PATH=C:\Program Files\Git\mingw64\bin;C:\Program Files\Git\usr\bin;C:\Users\Shashikant Bodke\bin;C:\Program Files\Java\jdk-11\bin;C:\Program Files\apache-maven-3.9.9\bin;C:\Program Files\Common Files\Oracle\Java\javapath;C:\WINDOWS\system32;C:\WINDOWS;C:\WINDOWS\system32\Wbem;C:\Program Files (x86)\Common Files\Oracle\Java\javapath;C:\WINDOWS\System32\WindowsPowerShell\v1.0;C:\WINDOWS\System32\OpenSSH;C:\Program Files\nodejs;C:\Program Files\nodejs\node_modules\npm\bin;C:\Users\Shashikant Bodke\AppData\Roaming\npm;C:\Users\Shashikant Bodke\AppData\Local\Android\Sdk\tools;C:\Users\Shashikant Bodke\AppData\Local\Android\Sdk\tools\bin;C:\Users\Shashikant Bodke\AppData\Local\Android\Sdk\platform-tools;C:\WINDOWS\System32\Wbem;C:\Program Files\Git\cmd;C:\Curl\curl-8.12.1_1-win64-mingw\bin;C:\Users\Shashikant Bodke\scoop\shims;C:\Users\Shashikant Bodke\AppData\Local\Seclore\FileSecure\FileSecure Lite;C:\Users\Shashikant Bodke\AppData\Local\Seclore\FileSecure\FileSecure Lite\x64;C:\Users\Shashikant Bodke\AppData\Local\Microsoft\WindowsApps;C:\Program Files\Java\jdk-1;C:\Program Files\JetBrains\PyCharm Community Edition 2021.1.1\bin;C:\Users\Shashikant Bodke\AppData\Local\Android\Sdk\tools\bin;C:\Users\Shashikant Bodke\AppData\Local\Android\Sdk\tools;C:\Users\Shashikant Bodke\AppData\Local\Android\Sdk\platform-tools;C:\Users\Shashikant Bodke\AppData\Roaming\npm;C:\Program Files\nodejs;C:\Users\Shashikant Bodke\AppData\Local\Box\Box Edit
PROCESSOR_ARCHITECTURE=x86
PS1=\[\033]0;$TITLEPREFIX:$PWD\007\]\n\[\033[32m\]\u@\h \[\033[35m\]$MSYSTEM \[\033[33m\]\w\[\033[36m\]`__git_ps1`\[\033[0m\]\n$ 
OS=Windows_NT
ProgramW6432=C:\Program Files
OneDriveConsumer=C:\Users\Shashikant Bodke\OneDrive
ALLUSERSPROFILE=C:\ProgramData


------------
Diagnostic: File system
Skipped: False
Success: True
Exception: None
Log:
Temporary directory is 'C:\Users\Shashikant Bodke\AppData\Local\Temp\'...
Checking basic file I/O...
Writing to temporary file 'C:\Users\Shashikant Bodke\AppData\Local\Temp\4eef4a17a05d6a86a589aea4'... OK
Reading from temporary file 'C:\Users\Shashikant Bodke\AppData\Local\Temp\4eef4a17a05d6a86a589aea4'... OK
Deleting temporary file 'C:\Users\Shashikant Bodke\AppData\Local\Temp\4eef4a17a05d6a86a589aea4'... OK
Testing IFileSystem instance...
UserHomePath: C:\Users\Shashikant Bodke
UserDataDirectoryPath: C:\Users\Shashikant Bodke\.gcm
GetCurrentDirectory(): C:\Users\Shashikant Bodke\eclipse-workspace\AT-May2024\4. Java Interviews

------------
Diagnostic: Networking
Skipped: False
Success: True
Exception: None
Log:
Checking basic networking and HTTP stack...
Creating HTTP client... OK
IsNetworkAvailable: True
Sending HEAD request to http://example.com... OK
Sending HEAD request to https://example.com... OK
Acquiring free TCP port... OK
Testing local HTTP loopback connections...
Creating new HTTP listener for http://localhost:62133/... OK
Waiting for loopback connection... OK
Writing response... OK
Waiting for response data... OK
Loopback connection data OK
Testing with IHttpClientFactory created HTTP client...
Creating HTTP client... OK
IsNetworkAvailable: True
Sending HEAD request to http://example.com... OK
Sending HEAD request to https://example.com... OK
Acquiring free TCP port... OK
Testing local HTTP loopback connections...
Creating new HTTP listener for http://localhost:62135/... OK
Waiting for loopback connection... OK
Writing response... OK
Waiting for response data... OK
Loopback connection data OK

------------
Diagnostic: Git
Skipped: False
Success: True
Exception: None
Log:
Getting Git version... OK
Git version is '2.38.1.windows.1'
Locating current repository... OK
Git repository at 'C:/Users/Shashikant Bodke/eclipse-workspace/AT-May2024/4. Java Interviews/.git'
Listing all Git configuration... OK
Git configuration:
file:C:/Program Files/Git/etc/gitconfig	diff.astextplain.textconv=astextplain
file:C:/Program Files/Git/etc/gitconfig	filter.lfs.clean=git-lfs clean -- %f
file:C:/Program Files/Git/etc/gitconfig	filter.lfs.smudge=git-lfs smudge -- %f
file:C:/Program Files/Git/etc/gitconfig	filter.lfs.process=git-lfs filter-process
file:C:/Program Files/Git/etc/gitconfig	filter.lfs.required=true
file:C:/Program Files/Git/etc/gitconfig	http.sslbackend=openssl
file:C:/Program Files/Git/etc/gitconfig	http.sslcainfo=C:/Program Files/Git/mingw64/ssl/certs/ca-bundle.crt
file:C:/Program Files/Git/etc/gitconfig	core.autocrlf=true
file:C:/Program Files/Git/etc/gitconfig	core.fscache=true
file:C:/Program Files/Git/etc/gitconfig	core.symlinks=false
file:C:/Program Files/Git/etc/gitconfig	core.fsmonitor=true
file:C:/Program Files/Git/etc/gitconfig	pull.rebase=false
file:C:/Program Files/Git/etc/gitconfig	credential.helper=manager-core
file:C:/Program Files/Git/etc/gitconfig	credential.https://dev.azure.com.usehttppath=true
file:C:/Program Files/Git/etc/gitconfig	init.defaultbranch=master
file:C:/Users/Shashikant Bodke/.gitconfig	user.name=Shashikant Bodke
file:C:/Users/Shashikant Bodke/.gitconfig	user.email=bodkeshashi12@gmail.com
file:.git/config	core.repositoryformatversion=0
file:.git/config	core.filemode=false
file:.git/config	core.bare=false
file:.git/config	core.logallrefupdates=true
file:.git/config	core.symlinks=false
file:.git/config	core.ignorecase=true
file:.git/config	remote.origin.url=https://github.com/Shashikant-Bodke/JavaPrograms.git
file:.git/config	remote.origin.fetch=+refs/heads/*:refs/remotes/origin/*


------------
Diagnostic: Credential storage
Skipped: False
Success: True
Exception: None
Log:
ICredentialStore instance is of type: CredentialStore
Writing test credential... OK
Reading test credential... OK
Deleting test credential... OK

------------
Diagnostic: Microsoft authentication (AAD/MSA)
Skipped: False
Success: True
Exception: None
Log:
Broker not supported.
Flow type is: Auto
Gathering MSAL token cache data... OK
CacheDirectory: C:\Users\Shashikant Bodke\AppData\Local\.IdentityService
CacheFileName: msal.cache
CacheFilePath: C:\Users\Shashikant Bodke\AppData\Local\.IdentityService\msal.cache
Creating cache helper... OK
Verifying MSAL token cache persistence... OK

------------
Diagnostic: GitHub API
Skipped: False
Success: True
Exception: None
Log:
Using 'https://github.com/' as API target.
Querying '/meta' endpoint... OK

